<?xml version="1.0" encoding="UTF-8"?>
<!-- Generated by org.testng.reporters.JUnitReportReporter -->
<testsuite hostname="Pravalikas-MBP.lan" failures="0" tests="1" name="com.example.salesforce.NavigateAndInteract" time="211.361" errors="0" timestamp="2024-06-27T17:37:15 EDT" skipped="0">
  <testcase classname="com.example.salesforce.NavigateAndInteract" name="testNavigateAndInteract" time="211.361"/>
  <system-out/>
</testsuite> <!-- com.example.salesforce.NavigateAndInteract -->
