<?xml version="1.0" encoding="UTF-8"?>
<!-- Generated by org.testng.reporters.JUnitReportReporter -->
<testsuite hostname="Pravalikas-MBP.lan" failures="0" tests="5" name="com.example.salesforce_automation.SiteTrackerAssessmentTest" time="460.966" errors="0" timestamp="2024-06-28T18:35:22 EDT" skipped="0">
  <testcase classname="com.example.salesforce_automation.SiteTrackerAssessmentTest" name="loginToSalesforce" time="99.288"/>
  <system-out/>
  <testcase classname="com.example.salesforce_automation.SiteTrackerAssessmentTest" name="navigateAndInteract" time="108.513"/>
  <system-out/>
  <testcase classname="com.example.salesforce_automation.SiteTrackerAssessmentTest" name="leadInteractionAndTaskCreation" time="148.262"/>
  <system-out/>
  <testcase classname="com.example.salesforce_automation.SiteTrackerAssessmentTest" name="activityTabAndTaskValidation" time="56.494"/>
  <system-out/>
  <testcase classname="com.example.salesforce_automation.SiteTrackerAssessmentTest" name="filterAndDisplayAdjustments" time="48.409"/>
  <system-out/>
</testsuite> <!-- com.example.salesforce_automation.SiteTrackerAssessmentTest -->
