<?xml version="1.0" encoding="UTF-8"?>
<!-- Generated by org.testng.reporters.JUnitReportReporter -->
<testsuite hostname="Pravalikas-MBP.lan" failures="0" tests="1" name="com.example.salesforce.LoginTest" time="106.978" errors="0" timestamp="2024-06-26T15:16:37 EDT" skipped="0">
  <testcase classname="com.example.salesforce.LoginTest" name="testLogin" time="106.978"/>
  <system-out/>
</testsuite> <!-- com.example.salesforce.LoginTest -->
