<?xml version="1.0" encoding="UTF-8"?>
<!-- Generated by org.testng.reporters.JUnitReportReporter -->
<testsuite hostname="Pravalikas-MBP.lan" failures="0" tests="1" name="com.example.salesforce.NavigateAndInteractTest" time="206.567" errors="0" timestamp="2024-06-27T11:52:36 EDT" skipped="0">
  <testcase classname="com.example.salesforce.NavigateAndInteractTest" name="testNavigateAndInteract" time="206.567"/>
  <system-out/>
</testsuite> <!-- com.example.salesforce.NavigateAndInteractTest -->
