<?xml version="1.0" encoding="UTF-8"?>
<!-- Generated by org.testng.reporters.JUnitReportReporter -->
<testsuite hostname="Pravalikas-MBP.lan" failures="0" tests="3" name="com.example.salesforce_automation.AppTest" time="318.975" errors="0" timestamp="2024-06-27T22:37:58 EDT" skipped="0">
  <testcase classname="com.example.salesforce_automation.AppTest" name="loginToSalesforce" time="100.331"/>
  <system-out/>
  <testcase classname="com.example.salesforce_automation.AppTest" name="navigateAndInteract" time="109.557"/>
  <system-out/>
  <testcase classname="com.example.salesforce_automation.AppTest" name="leadInteractionAndTaskCreation" time="109.087"/>
  <system-out/>
</testsuite> <!-- com.example.salesforce_automation.AppTest -->
