<?xml version="1.0" encoding="UTF-8"?>
<!-- Generated by org.testng.reporters.JUnitReportReporter -->
<testsuite hostname="Pravalikas-MBP.lan" failures="0" tests="1" name="com.example.salesforce.LeadInteraction" time="278.833" errors="0" timestamp="2024-06-27T17:12:09 EDT" skipped="0">
  <testcase classname="com.example.salesforce.LeadInteraction" name="testLeadInteractionAndTaskCreation" time="278.833"/>
  <system-out/>
</testsuite> <!-- com.example.salesforce.LeadInteraction -->
